<?xml version="1.0" encoding="UTF-8"?>
<!-- Generated by org.testng.reporters.JUnitReportReporter -->
<testsuite ignored="0" hostname="MTB-DEV-D02" failures="0" tests="1" name="loginTest.TC_02_IncorrectLogin" time="2.203" errors="0" timestamp="24 Jun 2022 17:25:17 GMT" skipped="0">
  <testcase classname="loginTest.TC_02_IncorrectLogin" name="TC_02" time="2.203"/>
</testsuite> <!-- loginTest.TC_02_IncorrectLogin -->
