<?xml version="1.0" encoding="UTF-8"?>
<!-- Generated by org.testng.reporters.JUnitReportReporter -->
<testsuite ignored="0" hostname="MTB-DEV-D02" failures="0" tests="1" name="loginTest.TC_03_Logout" time="4.968" errors="0" timestamp="24 Jun 2022 17:25:17 GMT" skipped="0">
  <testcase classname="loginTest.TC_03_Logout" name="TC_03" time="4.968"/>
</testsuite> <!-- loginTest.TC_03_Logout -->
